Start testing: Feb 15 15:34 CET
----------------------------------------------------------
1/3 Testing: LinkedListTests
1/3 Test: LinkedListTests
Command: "/home/thekoder/TP9-DataStructures/build/tests/runTests"
Directory: /home/thekoder/TP9-DataStructures/build/tests
"LinkedListTests" start time: Feb 15 15:34 CET
Output:
----------------------------------------------------------
Running main() from ./googletest/src/gtest_main.cc
[==========] Running 2 tests from 1 test suite.
[----------] Global test environment set-up.
[----------] 2 tests from LinkedListTest
[ RUN      ] LinkedListTest.InsertOneElement
[       OK ] LinkedListTest.InsertOneElement (0 ms)
[ RUN      ] LinkedListTest.InsertMultipleElements
[       OK ] LinkedListTest.InsertMultipleElements (0 ms)
[----------] 2 tests from LinkedListTest (0 ms total)

[----------] Global test environment tear-down
[==========] 2 tests from 1 test suite ran. (0 ms total)
[  PASSED  ] 2 tests.
<end of output>
Test time =   0.01 sec
----------------------------------------------------------
Test Passed.
"LinkedListTests" end time: Feb 15 15:34 CET
"LinkedListTests" time elapsed: 00:00:00
----------------------------------------------------------

2/3 Testing: StackTests
2/3 Test: StackTests
Command: "/home/thekoder/TP9-DataStructures/build/tests/runStackTests"
Directory: /home/thekoder/TP9-DataStructures/build/tests
"StackTests" start time: Feb 15 15:34 CET
Output:
----------------------------------------------------------
Running main() from ./googletest/src/gtest_main.cc
[==========] Running 2 tests from 1 test suite.
[----------] Global test environment set-up.
[----------] 2 tests from StackTest
[ RUN      ] StackTest.PushPopOneElement
[       OK ] StackTest.PushPopOneElement (0 ms)
[ RUN      ] StackTest.PushPopMultiElement
[       OK ] StackTest.PushPopMultiElement (0 ms)
[----------] 2 tests from StackTest (0 ms total)

[----------] Global test environment tear-down
[==========] 2 tests from 1 test suite ran. (0 ms total)
[  PASSED  ] 2 tests.
<end of output>
Test time =   0.01 sec
----------------------------------------------------------
Test Passed.
"StackTests" end time: Feb 15 15:34 CET
"StackTests" time elapsed: 00:00:00
----------------------------------------------------------

3/3 Testing: DoublyLinkedListTests
3/3 Test: DoublyLinkedListTests
Command: "/home/thekoder/TP9-DataStructures/build/tests/runDoublyListTests"
Directory: /home/thekoder/TP9-DataStructures/build/tests
"DoublyLinkedListTests" start time: Feb 15 15:34 CET
Output:
----------------------------------------------------------
Running main() from ./googletest/src/gtest_main.cc
[==========] Running 2 tests from 1 test suite.
[----------] Global test environment set-up.
[----------] 2 tests from DoublyLinkedListTest
[ RUN      ] DoublyLinkedListTest.AddRemoveFront
[       OK ] DoublyLinkedListTest.AddRemoveFront (0 ms)
[ RUN      ] DoublyLinkedListTest.AddRemoveBack
[       OK ] DoublyLinkedListTest.AddRemoveBack (0 ms)
[----------] 2 tests from DoublyLinkedListTest (0 ms total)

[----------] Global test environment tear-down
[==========] 2 tests from 1 test suite ran. (0 ms total)
[  PASSED  ] 2 tests.
<end of output>
Test time =   0.01 sec
----------------------------------------------------------
Test Passed.
"DoublyLinkedListTests" end time: Feb 15 15:34 CET
"DoublyLinkedListTests" time elapsed: 00:00:00
----------------------------------------------------------

End testing: Feb 15 15:34 CET
